5-verify-user/mobile/android/app/build/intermediates/manifest_merge_blame_file/debug/manifest-merger-blame-debug-report.txt
1<?xml version="1.0" encoding="utf-8"?>
2<manifest xmlns:android="http://schemas.android.com/apk/res/android"
3    package="com.awesomeproject3"
4    android:versionCode="1"
5    android:versionName="1.0" >
6
7    <uses-sdk
8        android:minSdkVersion="21"
9        android:targetSdkVersion="34" />
10
11    <uses-permission android:name="android.permission.INTERNET" />
11-->src\main\AndroidManifest.xml:3:5-67
11-->src\main\AndroidManifest.xml:3:22-64
12    <uses-permission android:name="android.permission.WRITE_EXTERNAL_STORAGE" />
12-->src\main\AndroidManifest.xml:4:5-81
12-->src\main\AndroidManifest.xml:4:22-78
13    <uses-permission android:name="android.permission.READ_EXTERNAL_STORAGE" />
13-->src\main\AndroidManifest.xml:5:5-80
13-->src\main\AndroidManifest.xml:5:22-77
14    <!--
15    This manifest file is used only by Gradle to configure debug-only capabilities
16    for React Native Apps.
17    -->
18    <uses-permission android:name="android.permission.SYSTEM_ALERT_WINDOW" />
18-->[com.facebook.react:react-android:0.73.0] AndroidManifest.xml:16:5-78
18-->[com.facebook.react:react-android:0.73.0] AndroidManifest.xml:16:22-75
19    <uses-permission android:name="android.permission.ACCESS_WIFI_STATE" />
19-->[com.facebook.flipper:flipper:0.201.0] AndroidManifest.xml:14:5-76
19-->[com.facebook.flipper:flipper:0.201.0] AndroidManifest.xml:14:22-73
20
21    <permission
21-->[androidx.core:core:1.9.0] AndroidManifest.xml:22:5-24:47
22        android:name="com.awesomeproject3.DYNAMIC_RECEIVER_NOT_EXPORTED_PERMISSION"
22-->[androidx.core:core:1.9.0] AndroidManifest.xml:23:9-81
23        android:protectionLevel="signature" />
23-->[androidx.core:core:1.9.0] AndroidManifest.xml:24:9-44
24
25    <uses-permission android:name="com.awesomeproject3.DYNAMIC_RECEIVER_NOT_EXPORTED_PERMISSION" />
25-->[androidx.core:core:1.9.0] AndroidManifest.xml:26:5-97
25-->[androidx.core:core:1.9.0] AndroidManifest.xml:26:22-94
26
27    <application
27-->src\main\AndroidManifest.xml:7:5-26:19
28        android:name="com.awesomeproject3.MainApplication"
28-->src\main\AndroidManifest.xml:8:7-38
29        android:allowBackup="false"
29-->src\main\AndroidManifest.xml:12:7-34
30        android:appComponentFactory="androidx.core.app.CoreComponentFactory"
30-->[androidx.core:core:1.9.0] AndroidManifest.xml:28:18-86
31        android:debuggable="true"
32        android:extractNativeLibs="true"
33        android:icon="@mipmap/ic_launcher"
33-->src\main\AndroidManifest.xml:10:7-41
34        android:label="@string/app_name"
34-->src\main\AndroidManifest.xml:9:7-39
35        android:roundIcon="@mipmap/ic_launcher_round"
35-->src\main\AndroidManifest.xml:11:7-52
36        android:theme="@style/AppTheme"
36-->src\main\AndroidManifest.xml:13:7-38
37        android:usesCleartextTraffic="true" >
37-->src\debug\AndroidManifest.xml:6:9-44
38        <activity
38-->src\main\AndroidManifest.xml:14:7-25:18
39            android:name="com.awesomeproject3.MainActivity"
39-->src\main\AndroidManifest.xml:15:9-37
40            android:configChanges="keyboard|keyboardHidden|orientation|screenLayout|screenSize|smallestScreenSize|uiMode"
40-->src\main\AndroidManifest.xml:17:9-118
41            android:exported="true"
41-->src\main\AndroidManifest.xml:20:9-32
42            android:label="@string/app_name"
42-->src\main\AndroidManifest.xml:16:9-41
43            android:launchMode="singleTask"
43-->src\main\AndroidManifest.xml:18:9-40
44            android:windowSoftInputMode="adjustResize" >
44-->src\main\AndroidManifest.xml:19:9-51
45            <intent-filter>
45-->src\main\AndroidManifest.xml:21:9-24:25
46                <action android:name="android.intent.action.MAIN" />
46-->src\main\AndroidManifest.xml:22:13-65
46-->src\main\AndroidManifest.xml:22:21-62
47
48                <category android:name="android.intent.category.LAUNCHER" />
48-->src\main\AndroidManifest.xml:23:13-73
48-->src\main\AndroidManifest.xml:23:23-70
49            </intent-filter>
50        </activity>
51        <activity
51-->[com.facebook.react:react-android:0.73.0] AndroidManifest.xml:19:9-21:40
52            android:name="com.facebook.react.devsupport.DevSettingsActivity"
52-->[com.facebook.react:react-android:0.73.0] AndroidManifest.xml:20:13-77
53            android:exported="false" />
53-->[com.facebook.react:react-android:0.73.0] AndroidManifest.xml:21:13-37
54
55        <provider
55-->[androidx.emoji2:emoji2:1.2.0] AndroidManifest.xml:24:9-32:20
56            android:name="androidx.startup.InitializationProvider"
56-->[androidx.emoji2:emoji2:1.2.0] AndroidManifest.xml:25:13-67
57            android:authorities="com.awesomeproject3.androidx-startup"
57-->[androidx.emoji2:emoji2:1.2.0] AndroidManifest.xml:26:13-68
58            android:exported="false" >
58-->[androidx.emoji2:emoji2:1.2.0] AndroidManifest.xml:27:13-37
59            <meta-data
59-->[androidx.emoji2:emoji2:1.2.0] AndroidManifest.xml:29:13-31:52
60                android:name="androidx.emoji2.text.EmojiCompatInitializer"
60-->[androidx.emoji2:emoji2:1.2.0] AndroidManifest.xml:30:17-75
61                android:value="androidx.startup" />
61-->[androidx.emoji2:emoji2:1.2.0] AndroidManifest.xml:31:17-49
62            <meta-data
62-->[androidx.lifecycle:lifecycle-process:2.4.1] AndroidManifest.xml:31:13-33:52
63                android:name="androidx.lifecycle.ProcessLifecycleInitializer"
63-->[androidx.lifecycle:lifecycle-process:2.4.1] AndroidManifest.xml:32:17-78
64                android:value="androidx.startup" />
64-->[androidx.lifecycle:lifecycle-process:2.4.1] AndroidManifest.xml:33:17-49
65        </provider>
66
67        <meta-data
67-->[com.facebook.soloader:soloader:0.10.5] AndroidManifest.xml:12:9-14:37
68            android:name="com.facebook.soloader.enabled"
68-->[com.facebook.soloader:soloader:0.10.5] AndroidManifest.xml:13:13-57
69            android:value="false" />
69-->[com.facebook.soloader:soloader:0.10.5] AndroidManifest.xml:14:13-34
70    </application>
71
72</manifest>